<?xml version="1.0" encoding="UTF-8"?>
<!-- Generated by org.testng.reporters.JUnitReportReporter -->
<testsuite skipped="1" hostname="ATMECSINDT-001" name="day3.AutomateRestDemo1" tests="4" failures="0" timestamp="17 Jul 2018 10:47:51 GMT" time="4.307" errors="0">
  <testcase name="test2" time="3.085" classname="day3.AutomateRestDemo1"/>
  <testcase name="test3" time="0.602" classname="day3.AutomateRestDemo1"/>
  <testcase name="test4" time="0.620" classname="day3.AutomateRestDemo1"/>
  <testcase name="test1" classname="day3.AutomateRestDemo1">
    <skipped/>
  </testcase> <!-- test1 -->
</testsuite> <!-- day3.AutomateRestDemo1 -->
