<?xml version="1.0" encoding="UTF-8"?>
<!-- Generated by org.testng.reporters.JUnitReportReporter -->
<testsuite skipped="1" hostname="ATMECSINDT-001" name="com.atmecs.htg.implementation.TestSample" tests="4" failures="0" timestamp="17 Jul 2018 08:54:56 GMT" time="7.559" errors="0">
  <testcase name="test" time="7.557" classname="com.atmecs.htg.implementation.TestSample"/>
  <testcase name="postService" time="0.001" classname="com.atmecs.htg.implementation.TestSample"/>
  <testcase name="postService" time="0.001" classname="com.atmecs.htg.implementation.TestSample"/>
  <testcase name="launchBrowser" classname="com.atmecs.htg.implementation.TestSample">
    <skipped/>
  </testcase> <!-- launchBrowser -->
</testsuite> <!-- com.atmecs.htg.implementation.TestSample -->
