<?xml version="1.0" encoding="UTF-8"?>
<!-- Generated by org.testng.reporters.JUnitReportReporter -->
<testsuite hostname="LAPTOP-IAPIA2B1" name="com.test.methods.TestProjectSelenium.SpiceJetTest" tests="2" failures="0" timestamp="22 Apr 2019 11:01:40 GMT" time="3.503" errors="0">
  <testcase name="Test1" time="2.561" classname="com.test.methods.TestProjectSelenium.SpiceJetTest"/>
  <testcase name="Test2" time="0.942" classname="com.test.methods.TestProjectSelenium.SpiceJetTest"/>
</testsuite> <!-- com.test.methods.TestProjectSelenium.SpiceJetTest -->
